<?xml version="1.0" encoding="UTF-8"?>
<coverage generated="1636465441032" clover="3.2.0">
  <project timestamp="1636465441032" name="All files">
    <metrics statements="47" coveredstatements="40" conditionals="35" coveredconditionals="28" methods="7" coveredmethods="5" elements="89" coveredelements="73" complexity="0" loc="47" ncloc="47" packages="2" files="4" classes="4"/>
    <package name="Schemas">
      <metrics statements="32" coveredstatements="32" conditionals="26" coveredconditionals="25" methods="3" coveredmethods="3"/>
      <file name="cardsSchema.js" path="/home/josefabio/Documents/AA OnCampusJobs/plataforma-herramientas-backend/Schemas/cardsSchema.js">
        <metrics statements="23" coveredstatements="23" conditionals="24" coveredconditionals="23" methods="2" coveredmethods="2"/>
        <line num="1" count="1" type="stmt"/>
        <line num="2" count="1" type="stmt"/>
        <line num="3" count="1" type="stmt"/>
        <line num="5" count="1" type="stmt"/>
        <line num="6" count="1" type="stmt"/>
        <line num="25" count="11" type="cond" truecount="4" falsecount="0"/>
        <line num="26" count="1" type="stmt"/>
        <line num="29" count="10" type="cond" truecount="2" falsecount="0"/>
        <line num="30" count="5" type="cond" truecount="2" falsecount="0"/>
        <line num="31" count="5" type="stmt"/>
        <line num="32" count="5" type="cond" truecount="2" falsecount="0"/>
        <line num="35" count="8" type="cond" truecount="4" falsecount="0"/>
        <line num="36" count="1" type="stmt"/>
        <line num="38" count="7" type="cond" truecount="4" falsecount="0"/>
        <line num="40" count="6" type="stmt"/>
        <line num="41" count="18" type="cond" truecount="4" falsecount="0"/>
        <line num="42" count="2" type="stmt"/>
        <line num="44" count="4" type="stmt"/>
        <line num="47" count="1" type="stmt"/>
        <line num="48" count="21" type="stmt"/>
        <line num="56" count="21" type="stmt"/>
        <line num="58" count="21" type="cond" truecount="1" falsecount="1"/>
        <line num="61" count="1" type="stmt"/>
      </file>
      <file name="commonSchemas.js" path="/home/josefabio/Documents/AA OnCampusJobs/plataforma-herramientas-backend/Schemas/commonSchemas.js">
        <metrics statements="9" coveredstatements="9" conditionals="2" coveredconditionals="2" methods="1" coveredmethods="1"/>
        <line num="1" count="2" type="stmt"/>
        <line num="2" count="2" type="stmt"/>
        <line num="4" count="2" type="stmt"/>
        <line num="5" count="2" type="stmt"/>
        <line num="6" count="2" type="stmt"/>
        <line num="7" count="7" type="cond" truecount="2" falsecount="0"/>
        <line num="8" count="4" type="stmt"/>
        <line num="10" count="2" type="stmt"/>
        <line num="14" count="2" type="stmt"/>
      </file>
    </package>
    <package name="Utils">
      <metrics statements="15" coveredstatements="8" conditionals="9" coveredconditionals="3" methods="4" coveredmethods="2"/>
      <file name="handleError.js" path="/home/josefabio/Documents/AA OnCampusJobs/plataforma-herramientas-backend/Utils/handleError.js">
        <metrics statements="3" coveredstatements="1" conditionals="3" coveredconditionals="0" methods="1" coveredmethods="0"/>
        <line num="1" count="2" type="cond" truecount="0" falsecount="1"/>
        <line num="2" count="0" type="stmt"/>
        <line num="3" count="0" type="cond" truecount="0" falsecount="2"/>
      </file>
      <file name="validateRequest.js" path="/home/josefabio/Documents/AA OnCampusJobs/plataforma-herramientas-backend/Utils/validateRequest.js">
        <metrics statements="12" coveredstatements="7" conditionals="6" coveredconditionals="3" methods="3" coveredmethods="2"/>
        <line num="1" count="2" type="stmt"/>
        <line num="3" count="2" type="stmt"/>
        <line num="4" count="22" type="stmt"/>
        <line num="10" count="22" type="stmt"/>
        <line num="13" count="22" type="cond" truecount="1" falsecount="1"/>
        <line num="14" count="22" type="stmt"/>
        <line num="16" count="19" type="stmt"/>
        <line num="21" count="0" type="cond" truecount="0" falsecount="2"/>
        <line num="22" count="0" type="stmt"/>
        <line num="24" count="0" type="stmt"/>
        <line num="27" count="0" type="stmt"/>
        <line num="28" count="0" type="stmt"/>
      </file>
    </package>
  </project>
</coverage>
