{"/home/josefabio/Documents/AA OnCampusJobs/plataforma-herramientas-backend/Schemas/cardsSchema.js": {"path":"/home/josefabio/Documents/AA OnCampusJobs/plataforma-herramientas-backend/Schemas/cardsSchema.js","statementMap":{"0":{"start":{"line":1,"column":12},"end":{"line":1,"column":26}},"1":{"start":{"line":2,"column":43},"end":{"line":2,"column":69}},"2":{"start":{"line":3,"column":24},"end":{"line":3,"column":59}},"3":{"start":{"line":5,"column":20},"end":{"line":5,"column":47}},"4":{"start":{"line":6,"column":21},"end":{"line":45,"column":4}},"5":{"start":{"line":25,"column":4},"end":{"line":26,"column":78}},"6":{"start":{"line":26,"column":6},"end":{"line":26,"column":78}},"7":{"start":{"line":29,"column":4},"end":{"line":33,"column":5}},"8":{"start":{"line":30,"column":24},"end":{"line":30,"column":68}},"9":{"start":{"line":31,"column":18},"end":{"line":31,"column":55}},"10":{"start":{"line":32,"column":6},"end":{"line":32,"column":33}},"11":{"start":{"line":32,"column":15},"end":{"line":32,"column":33}},"12":{"start":{"line":35,"column":4},"end":{"line":36,"column":80}},"13":{"start":{"line":36,"column":6},"end":{"line":36,"column":80}},"14":{"start":{"line":38,"column":4},"end":{"line":38,"column":115}},"15":{"start":{"line":38,"column":45},"end":{"line":38,"column":115}},"16":{"start":{"line":40,"column":4},"end":{"line":42,"column":91}},"17":{"start":{"line":41,"column":6},"end":{"line":42,"column":91}},"18":{"start":{"line":42,"column":8},"end":{"line":42,"column":91}},"19":{"start":{"line":44,"column":4},"end":{"line":44,"column":13}},"20":{"start":{"line":47,"column":23},"end":{"line":59,"column":1}},"21":{"start":{"line":48,"column":17},"end":{"line":55,"column":4}},"22":{"start":{"line":56,"column":21},"end":{"line":56,"column":68}},"23":{"start":{"line":58,"column":2},"end":{"line":58,"column":32}},"24":{"start":{"line":58,"column":14},"end":{"line":58,"column":32}},"25":{"start":{"line":61,"column":0},"end":{"line":63,"column":2}}},"fnMap":{"0":{"name":"(anonymous_0)","decl":{"start":{"line":24,"column":10},"end":{"line":24,"column":11}},"loc":{"start":{"line":24,"column":28},"end":{"line":45,"column":3}},"line":24},"1":{"name":"(anonymous_1)","decl":{"start":{"line":47,"column":23},"end":{"line":47,"column":24}},"loc":{"start":{"line":47,"column":51},"end":{"line":59,"column":1}},"line":47}},"branchMap":{"0":{"loc":{"start":{"line":25,"column":4},"end":{"line":26,"column":78}},"type":"if","locations":[{"start":{"line":25,"column":4},"end":{"line":26,"column":78}},{"start":{},"end":{}}],"line":25},"1":{"loc":{"start":{"line":25,"column":8},"end":{"line":25,"column":45}},"type":"binary-expr","locations":[{"start":{"line":25,"column":8},"end":{"line":25,"column":33}},{"start":{"line":25,"column":37},"end":{"line":25,"column":45}}],"line":25},"2":{"loc":{"start":{"line":29,"column":4},"end":{"line":33,"column":5}},"type":"if","locations":[{"start":{"line":29,"column":4},"end":{"line":33,"column":5}},{"start":{},"end":{}}],"line":29},"3":{"loc":{"start":{"line":30,"column":24},"end":{"line":30,"column":68}},"type":"cond-expr","locations":[{"start":{"line":30,"column":52},"end":{"line":30,"column":55}},{"start":{"line":30,"column":58},"end":{"line":30,"column":68}}],"line":30},"4":{"loc":{"start":{"line":32,"column":6},"end":{"line":32,"column":33}},"type":"if","locations":[{"start":{"line":32,"column":6},"end":{"line":32,"column":33}},{"start":{},"end":{}}],"line":32},"5":{"loc":{"start":{"line":35,"column":4},"end":{"line":36,"column":80}},"type":"if","locations":[{"start":{"line":35,"column":4},"end":{"line":36,"column":80}},{"start":{},"end":{}}],"line":35},"6":{"loc":{"start":{"line":35,"column":8},"end":{"line":35,"column":47}},"type":"binary-expr","locations":[{"start":{"line":35,"column":8},"end":{"line":35,"column":34}},{"start":{"line":35,"column":38},"end":{"line":35,"column":47}}],"line":35},"7":{"loc":{"start":{"line":38,"column":4},"end":{"line":38,"column":115}},"type":"if","locations":[{"start":{"line":38,"column":4},"end":{"line":38,"column":115}},{"start":{},"end":{}}],"line":38},"8":{"loc":{"start":{"line":38,"column":8},"end":{"line":38,"column":43}},"type":"binary-expr","locations":[{"start":{"line":38,"column":8},"end":{"line":38,"column":32}},{"start":{"line":38,"column":36},"end":{"line":38,"column":43}}],"line":38},"9":{"loc":{"start":{"line":41,"column":6},"end":{"line":42,"column":91}},"type":"if","locations":[{"start":{"line":41,"column":6},"end":{"line":42,"column":91}},{"start":{},"end":{}}],"line":41},"10":{"loc":{"start":{"line":41,"column":10},"end":{"line":41,"column":56}},"type":"binary-expr","locations":[{"start":{"line":41,"column":10},"end":{"line":41,"column":39}},{"start":{"line":41,"column":43},"end":{"line":41,"column":56}}],"line":41},"11":{"loc":{"start":{"line":58,"column":2},"end":{"line":58,"column":32}},"type":"if","locations":[{"start":{"line":58,"column":2},"end":{"line":58,"column":32}},{"start":{},"end":{}}],"line":58}},"s":{"0":1,"1":1,"2":1,"3":1,"4":1,"5":11,"6":1,"7":10,"8":5,"9":5,"10":5,"11":2,"12":8,"13":1,"14":7,"15":1,"16":6,"17":18,"18":2,"19":4,"20":1,"21":21,"22":21,"23":21,"24":21,"25":1},"f":{"0":11,"1":21},"b":{"0":[1,10],"1":[11,6],"2":[5,5],"3":[3,2],"4":[2,3],"5":[1,7],"6":[8,3],"7":[1,6],"8":[7,2],"9":[2,16],"10":[18,12],"11":[21,0]},"_coverageSchema":"1a1c01bbd47fc00a2c39e90264f33305004495a9","hash":"d62d721be7386a5a509f1b70e77f309d31a2fe0b"}
,"/home/josefabio/Documents/AA OnCampusJobs/plataforma-herramientas-backend/Schemas/commonSchemas.js": {"path":"/home/josefabio/Documents/AA OnCampusJobs/plataforma-herramientas-backend/Schemas/commonSchemas.js","statementMap":{"0":{"start":{"line":1,"column":12},"end":{"line":1,"column":26}},"1":{"start":{"line":2,"column":18},"end":{"line":2,"column":38}},"2":{"start":{"line":4,"column":18},"end":{"line":4,"column":61}},"3":{"start":{"line":5,"column":22},"end":{"line":5,"column":41}},"4":{"start":{"line":6,"column":12},"end":{"line":9,"column":2}},"5":{"start":{"line":7,"column":2},"end":{"line":7,"column":58}},"6":{"start":{"line":7,"column":17},"end":{"line":7,"column":58}},"7":{"start":{"line":8,"column":2},"end":{"line":8,"column":11}},"8":{"start":{"line":10,"column":19},"end":{"line":12,"column":1}},"9":{"start":{"line":14,"column":0},"end":{"line":19,"column":2}}},"fnMap":{"0":{"name":"(anonymous_0)","decl":{"start":{"line":6,"column":32},"end":{"line":6,"column":33}},"loc":{"start":{"line":6,"column":39},"end":{"line":9,"column":1}},"line":6}},"branchMap":{"0":{"loc":{"start":{"line":7,"column":2},"end":{"line":7,"column":58}},"type":"if","locations":[{"start":{"line":7,"column":2},"end":{"line":7,"column":58}},{"start":{},"end":{}}],"line":7}},"s":{"0":2,"1":2,"2":2,"3":2,"4":2,"5":7,"6":3,"7":4,"8":2,"9":2},"f":{"0":7},"b":{"0":[3,4]},"_coverageSchema":"1a1c01bbd47fc00a2c39e90264f33305004495a9","hash":"1dfe2e9994cdf5b87acd53973a46831466d230e4"}
,"/home/josefabio/Documents/AA OnCampusJobs/plataforma-herramientas-backend/Utils/handleError.js": {"path":"/home/josefabio/Documents/AA OnCampusJobs/plataforma-herramientas-backend/Utils/handleError.js","statementMap":{"0":{"start":{"line":1,"column":0},"end":{"line":4,"column":2}},"1":{"start":{"line":2,"column":2},"end":{"line":2,"column":37}},"2":{"start":{"line":3,"column":2},"end":{"line":3,"column":58}}},"fnMap":{"0":{"name":"(anonymous_0)","decl":{"start":{"line":1,"column":17},"end":{"line":1,"column":18}},"loc":{"start":{"line":1,"column":43},"end":{"line":4,"column":1}},"line":1}},"branchMap":{"0":{"loc":{"start":{"line":1,"column":28},"end":{"line":1,"column":38}},"type":"default-arg","locations":[{"start":{"line":1,"column":35},"end":{"line":1,"column":38}}],"line":1},"1":{"loc":{"start":{"line":3,"column":35},"end":{"line":3,"column":54}},"type":"binary-expr","locations":[{"start":{"line":3,"column":35},"end":{"line":3,"column":47}},{"start":{"line":3,"column":51},"end":{"line":3,"column":54}}],"line":3}},"s":{"0":2,"1":0,"2":0},"f":{"0":0},"b":{"0":[0],"1":[0,0]},"_coverageSchema":"1a1c01bbd47fc00a2c39e90264f33305004495a9","hash":"4f94bd3040fdc1c819ac50e61d458336bbb81fdb"}
,"/home/josefabio/Documents/AA OnCampusJobs/plataforma-herramientas-backend/Utils/validateRequest.js": {"path":"/home/josefabio/Documents/AA OnCampusJobs/plataforma-herramientas-backend/Utils/validateRequest.js","statementMap":{"0":{"start":{"line":1,"column":20},"end":{"line":1,"column":44}},"1":{"start":{"line":3,"column":0},"end":{"line":29,"column":2}},"2":{"start":{"line":4,"column":18},"end":{"line":9,"column":3}},"3":{"start":{"line":10,"column":27},"end":{"line":10,"column":61}},"4":{"start":{"line":13,"column":2},"end":{"line":19,"column":6}},"5":{"start":{"line":14,"column":4},"end":{"line":19,"column":6}},"6":{"start":{"line":16,"column":56},"end":{"line":16,"column":65}},"7":{"start":{"line":21,"column":2},"end":{"line":25,"column":6}},"8":{"start":{"line":22,"column":4},"end":{"line":25,"column":6}},"9":{"start":{"line":24,"column":52},"end":{"line":24,"column":61}},"10":{"start":{"line":27,"column":2},"end":{"line":27,"column":19}},"11":{"start":{"line":28,"column":2},"end":{"line":28,"column":9}}},"fnMap":{"0":{"name":"(anonymous_0)","decl":{"start":{"line":3,"column":17},"end":{"line":3,"column":18}},"loc":{"start":{"line":3,"column":59},"end":{"line":29,"column":1}},"line":3},"1":{"name":"(anonymous_1)","decl":{"start":{"line":16,"column":49},"end":{"line":16,"column":50}},"loc":{"start":{"line":16,"column":56},"end":{"line":16,"column":65}},"line":16},"2":{"name":"(anonymous_2)","decl":{"start":{"line":24,"column":45},"end":{"line":24,"column":46}},"loc":{"start":{"line":24,"column":52},"end":{"line":24,"column":61}},"line":24}},"branchMap":{"0":{"loc":{"start":{"line":13,"column":2},"end":{"line":19,"column":6}},"type":"if","locations":[{"start":{"line":13,"column":2},"end":{"line":19,"column":6}},{"start":{},"end":{}}],"line":13},"1":{"loc":{"start":{"line":15,"column":13},"end":{"line":17,"column":15}},"type":"cond-expr","locations":[{"start":{"line":16,"column":10},"end":{"line":16,"column":99}},{"start":{"line":17,"column":10},"end":{"line":17,"column":15}}],"line":15},"2":{"loc":{"start":{"line":21,"column":2},"end":{"line":25,"column":6}},"type":"if","locations":[{"start":{"line":21,"column":2},"end":{"line":25,"column":6}},{"start":{},"end":{}}],"line":21}},"s":{"0":2,"1":2,"2":22,"3":22,"4":22,"5":22,"6":19,"7":0,"8":0,"9":0,"10":0,"11":0},"f":{"0":22,"1":19,"2":0},"b":{"0":[22,0],"1":[18,4],"2":[0,0]},"_coverageSchema":"1a1c01bbd47fc00a2c39e90264f33305004495a9","hash":"f33b0affa685c6da59fa7374b848799774e7f835"}
}
