TN:
SF:Schemas/cardsSchema.js
FN:24,(anonymous_0)
FN:47,(anonymous_1)
FNF:2
FNH:2
FNDA:11,(anonymous_0)
FNDA:21,(anonymous_1)
DA:1,1
DA:2,1
DA:3,1
DA:5,1
DA:6,1
DA:25,11
DA:26,1
DA:29,10
DA:30,5
DA:31,5
DA:32,5
DA:35,8
DA:36,1
DA:38,7
DA:40,6
DA:41,18
DA:42,2
DA:44,4
DA:47,1
DA:48,21
DA:56,21
DA:58,21
DA:61,1
LF:23
LH:23
BRDA:25,0,0,1
BRDA:25,0,1,10
BRDA:25,1,0,11
BRDA:25,1,1,6
BRDA:29,2,0,5
BRDA:29,2,1,5
BRDA:30,3,0,3
BRDA:30,3,1,2
BRDA:32,4,0,2
BRDA:32,4,1,3
BRDA:35,5,0,1
BRDA:35,5,1,7
BRDA:35,6,0,8
BRDA:35,6,1,3
BRDA:38,7,0,1
BRDA:38,7,1,6
BRDA:38,8,0,7
BRDA:38,8,1,2
BRDA:41,9,0,2
BRDA:41,9,1,16
BRDA:41,10,0,18
BRDA:41,10,1,12
BRDA:58,11,0,21
BRDA:58,11,1,0
BRF:24
BRH:23
end_of_record
TN:
SF:Schemas/commonSchemas.js
FN:6,(anonymous_0)
FNF:1
FNH:1
FNDA:7,(anonymous_0)
DA:1,2
DA:2,2
DA:4,2
DA:5,2
DA:6,2
DA:7,7
DA:8,4
DA:10,2
DA:14,2
LF:9
LH:9
BRDA:7,0,0,3
BRDA:7,0,1,4
BRF:2
BRH:2
end_of_record
TN:
SF:Utils/handleError.js
FN:1,(anonymous_0)
FNF:1
FNH:0
FNDA:0,(anonymous_0)
DA:1,2
DA:2,0
DA:3,0
LF:3
LH:1
BRDA:1,0,0,0
BRDA:3,1,0,0
BRDA:3,1,1,0
BRF:3
BRH:0
end_of_record
TN:
SF:Utils/validateRequest.js
FN:3,(anonymous_0)
FN:16,(anonymous_1)
FN:24,(anonymous_2)
FNF:3
FNH:2
FNDA:22,(anonymous_0)
FNDA:19,(anonymous_1)
FNDA:0,(anonymous_2)
DA:1,2
DA:3,2
DA:4,22
DA:10,22
DA:13,22
DA:14,22
DA:16,19
DA:21,0
DA:22,0
DA:24,0
DA:27,0
DA:28,0
LF:12
LH:7
BRDA:13,0,0,22
BRDA:13,0,1,0
BRDA:15,1,0,18
BRDA:15,1,1,4
BRDA:21,2,0,0
BRDA:21,2,1,0
BRF:6
BRH:3
end_of_record
